[0m05:58:05.132502 [debug] [MainThread]: Sending event: {'category': 'dbt', 'action': 'invocation', 'label': 'start', 'context': [<snowplow_tracker.self_describing_json.SelfDescribingJson object at 0x10d3a20e0>, <snowplow_tracker.self_describing_json.SelfDescribingJson object at 0x10e16aad0>, <snowplow_tracker.self_describing_json.SelfDescribingJson object at 0x10e16a410>]}


============================== 05:58:05.139212 | 08a08ab1-25fa-4213-aee7-f02f116cc9f1 ==============================
[0m05:58:05.139212 [info ] [MainThread]: Running with dbt=1.9.8
[0m05:58:05.140322 [debug] [MainThread]: running dbt with arguments {'printer_width': '80', 'indirect_selection': 'eager', 'write_json': 'True', 'log_cache_events': 'False', 'partial_parse': 'True', 'cache_selected_only': 'False', 'profiles_dir': '/Users/nelly-anneshurrindikum/.dbt', 'version_check': 'True', 'warn_error': 'None', 'log_path': 'logs', 'debug': 'False', 'fail_fast': 'False', 'use_colors': 'True', 'use_experimental_parser': 'False', 'empty': 'None', 'quiet': 'False', 'no_print': 'None', 'warn_error_options': 'WarnErrorOptions(include=[], exclude=[])', 'introspect': 'True', 'static_parser': 'True', 'log_format': 'default', 'target_path': 'None', 'invocation_command': 'dbt init jewels_dbt_project', 'send_anonymous_usage_stats': 'True'}
[0m05:58:05.162225 [warn ] [MainThread]: [ConfigFolderDirectory]: Unable to parse logging event dictionary. Failed to parse dir field: expected string or bytes-like object.. Dictionary: {'dir': PosixPath('/Users/nelly-anneshurrindikum/.dbt')}
[0m05:58:05.162712 [info ] [MainThread]: Creating dbt configuration folder at 
[0m05:58:05.165017 [debug] [MainThread]: Starter project path: /Users/nelly-anneshurrindikum/spark310-env/lib/python3.10/site-packages/dbt/include/starter_project
[0m05:58:05.174213 [info ] [MainThread]: 
Your new dbt project "jewels_dbt_project" was created!

For more information on how to configure the profiles.yml file,
please consult the dbt documentation here:

  https://docs.getdbt.com/docs/configure-your-profile

One more thing:

Need help? Don't hesitate to reach out to us via GitHub issues or on Slack:

  https://community.getdbt.com/

Happy modeling!

[0m05:58:05.175133 [info ] [MainThread]: Setting up your profile.
[0m09:00:53.257734 [info ] [MainThread]: Profile jewels_dbt_project written to /Users/nelly-anneshurrindikum/.dbt/profiles.yml using target's profile_template.yml and your supplied values. Run 'dbt debug' to validate the connection.
[0m09:00:53.328010 [debug] [MainThread]: Resource report: {"command_name": "init", "command_success": true, "command_wall_clock_time": 9138.241, "process_in_blocks": "0", "process_kernel_time": 0.859347, "process_mem_max_rss": "310910976", "process_out_blocks": "0", "process_user_time": 4.05603}
[0m09:00:53.362198 [debug] [MainThread]: Command `dbt init` succeeded at 09:00:53.360367 after 9138.28 seconds
[0m09:00:53.369629 [debug] [MainThread]: Sending event: {'category': 'dbt', 'action': 'invocation', 'label': 'end', 'context': [<snowplow_tracker.self_describing_json.SelfDescribingJson object at 0x10d3a20e0>, <snowplow_tracker.self_describing_json.SelfDescribingJson object at 0x11d52a230>, <snowplow_tracker.self_describing_json.SelfDescribingJson object at 0x11d529330>]}
[0m09:00:53.376929 [debug] [MainThread]: Flushing usage events
[0m09:00:53.612084 [debug] [MainThread]: An error was encountered while trying to flush usage events
[0m09:01:24.110811 [debug] [MainThread]: Sending event: {'category': 'dbt', 'action': 'invocation', 'label': 'start', 'context': [<snowplow_tracker.self_describing_json.SelfDescribingJson object at 0x10580e080>, <snowplow_tracker.self_describing_json.SelfDescribingJson object at 0x106c9ac20>, <snowplow_tracker.self_describing_json.SelfDescribingJson object at 0x106c9a560>]}


============================== 09:01:24.117655 | 4cb31485-e416-4b5f-a9a1-162903416454 ==============================
[0m09:01:24.117655 [info ] [MainThread]: Running with dbt=1.9.8
[0m09:01:24.118409 [debug] [MainThread]: running dbt with arguments {'printer_width': '80', 'indirect_selection': 'eager', 'log_cache_events': 'False', 'write_json': 'True', 'partial_parse': 'True', 'cache_selected_only': 'False', 'profiles_dir': '/Users/nelly-anneshurrindikum/.dbt', 'version_check': 'True', 'warn_error': 'None', 'log_path': 'logs', 'fail_fast': 'False', 'debug': 'False', 'use_colors': 'True', 'use_experimental_parser': 'False', 'no_print': 'None', 'quiet': 'False', 'empty': 'None', 'log_format': 'default', 'invocation_command': 'dbt debug', 'static_parser': 'True', 'warn_error_options': 'WarnErrorOptions(include=[], exclude=[])', 'target_path': 'None', 'introspect': 'True', 'send_anonymous_usage_stats': 'True'}
[0m09:01:24.137753 [info ] [MainThread]: dbt version: 1.9.8
[0m09:01:24.138218 [info ] [MainThread]: python version: 3.10.18
[0m09:01:24.138586 [info ] [MainThread]: python path: /Users/nelly-anneshurrindikum/spark310-env/bin/python3.10
[0m09:01:24.139016 [info ] [MainThread]: os info: macOS-15.5-x86_64-i386-64bit
[0m09:01:27.731622 [info ] [MainThread]: Using profiles dir at /Users/nelly-anneshurrindikum/.dbt
[0m09:01:27.732178 [info ] [MainThread]: Using profiles.yml file at /Users/nelly-anneshurrindikum/.dbt/profiles.yml
[0m09:01:27.732581 [info ] [MainThread]: Using dbt_project.yml file at /Users/nelly-anneshurrindikum/dbt-projects/dbt_project.yml
[0m09:01:27.732960 [info ] [MainThread]: adapter type: bigquery
[0m09:01:27.733298 [info ] [MainThread]: adapter version: 1.9.2
[0m09:01:27.733650 [info ] [MainThread]: Configuration:
[0m09:01:27.733983 [info ] [MainThread]:   profiles.yml file [[32mOK found and valid[0m]
[0m09:01:27.734315 [info ] [MainThread]:   dbt_project.yml file [[31mERROR not found[0m]
[0m09:01:27.734644 [info ] [MainThread]: Required dependencies:
[0m09:01:27.735049 [debug] [MainThread]: Executing "git --help"
[0m09:01:27.791264 [debug] [MainThread]: STDOUT: "b"usage: git [-v | --version] [-h | --help] [-C <path>] [-c <name>=<value>]\n           [--exec-path[=<path>]] [--html-path] [--man-path] [--info-path]\n           [-p | --paginate | -P | --no-pager] [--no-replace-objects] [--bare]\n           [--git-dir=<path>] [--work-tree=<path>] [--namespace=<name>]\n           [--super-prefix=<path>] [--config-env=<name>=<envvar>]\n           <command> [<args>]\n\nThese are common Git commands used in various situations:\n\nstart a working area (see also: git help tutorial)\n   clone     Clone a repository into a new directory\n   init      Create an empty Git repository or reinitialize an existing one\n\nwork on the current change (see also: git help everyday)\n   add       Add file contents to the index\n   mv        Move or rename a file, a directory, or a symlink\n   restore   Restore working tree files\n   rm        Remove files from the working tree and from the index\n\nexamine the history and state (see also: git help revisions)\n   bisect    Use binary search to find the commit that introduced a bug\n   diff      Show changes between commits, commit and working tree, etc\n   grep      Print lines matching a pattern\n   log       Show commit logs\n   show      Show various types of objects\n   status    Show the working tree status\n\ngrow, mark and tweak your common history\n   branch    List, create, or delete branches\n   commit    Record changes to the repository\n   merge     Join two or more development histories together\n   rebase    Reapply commits on top of another base tip\n   reset     Reset current HEAD to the specified state\n   switch    Switch branches\n   tag       Create, list, delete or verify a tag object signed with GPG\n\ncollaborate (see also: git help workflows)\n   fetch     Download objects and refs from another repository\n   pull      Fetch from and integrate with another repository or a local branch\n   push      Update remote refs along with associated objects\n\n'git help -a' and 'git help -g' list available subcommands and some\nconcept guides. See 'git help <command>' or 'git help <concept>'\nto read about a specific subcommand or concept.\nSee 'git help git' for an overview of the system.\n""
[0m09:01:27.792428 [debug] [MainThread]: STDERR: "b''"
[0m09:01:27.792934 [info ] [MainThread]:  - git [[32mOK found[0m]

[0m09:01:27.793546 [info ] [MainThread]: Connection:
[0m09:01:27.794110 [info ] [MainThread]:   method: service-account
[0m09:01:27.794530 [info ] [MainThread]:   database: jewels-data-platform
[0m09:01:27.794888 [info ] [MainThread]:   execution_project: jewels-data-platform
[0m09:01:27.795222 [info ] [MainThread]:   schema: analytics_data_jm
[0m09:01:27.795552 [info ] [MainThread]:   location: US
[0m09:01:27.795875 [info ] [MainThread]:   priority: interactive
[0m09:01:27.796207 [info ] [MainThread]:   maximum_bytes_billed: None
[0m09:01:27.796555 [info ] [MainThread]:   impersonate_service_account: None
[0m09:01:27.796891 [info ] [MainThread]:   job_retry_deadline_seconds: None
[0m09:01:27.797298 [info ] [MainThread]:   job_retries: 1
[0m09:01:27.797676 [info ] [MainThread]:   job_creation_timeout_seconds: None
[0m09:01:27.798008 [info ] [MainThread]:   job_execution_timeout_seconds: 600
[0m09:01:27.798334 [info ] [MainThread]:   timeout_seconds: 600
[0m09:01:27.798661 [info ] [MainThread]:   client_id: None
[0m09:01:27.798986 [info ] [MainThread]:   token_uri: None
[0m09:01:27.799307 [info ] [MainThread]:   compute_region: None
[0m09:01:27.799628 [info ] [MainThread]:   dataproc_cluster_name: None
[0m09:01:27.799950 [info ] [MainThread]:   gcs_bucket: None
[0m09:01:27.800272 [info ] [MainThread]:   dataproc_batch: None
[0m09:01:27.801080 [info ] [MainThread]: Registered adapter: bigquery=1.9.2
[0m09:01:28.388915 [debug] [MainThread]: Acquiring new bigquery connection 'debug'
[0m09:01:28.389746 [debug] [MainThread]: On debug: select 1 as id
[0m09:01:28.390214 [debug] [MainThread]: Opening a new connection, currently in state init
[0m09:01:28.391517 [debug] [MainThread]: BigQuery adapter: Got an error when attempting to create a bigquery " "client: '[Errno 2] No such file or directory: '/Users/nelly-anneshurrindikum/Downloads/jewels-data-platform-94780b5c83d7.json ''
[0m09:01:28.391961 [debug] [MainThread]: BigQuery adapter: Unhandled error while running:
select 1 as id
[0m09:01:28.392325 [debug] [MainThread]: BigQuery adapter: Database Error
  [Errno 2] No such file or directory: '/Users/nelly-anneshurrindikum/Downloads/jewels-data-platform-94780b5c83d7.json '
[0m09:01:28.392719 [info ] [MainThread]:   Connection test: [[31mERROR[0m]

[0m09:01:28.393192 [info ] [MainThread]: [31m2 checks failed:[0m
[0m09:01:28.393549 [info ] [MainThread]: Project loading failed for the following reason:
 project path </Users/nelly-anneshurrindikum/dbt-projects/dbt_project.yml> not found

[0m09:01:28.393916 [info ] [MainThread]: dbt was unable to connect to the specified database.
The database returned the following error:

  >'NoneType' object has no attribute 'close'

Check your database credentials and try again. For more information, visit:
https://docs.getdbt.com/docs/configure-your-profile


[0m09:01:28.398290 [debug] [MainThread]: Resource report: {"command_name": "debug", "command_success": false, "command_wall_clock_time": 4.391985, "process_in_blocks": "0", "process_kernel_time": 0.779375, "process_mem_max_rss": "315215872", "process_out_blocks": "0", "process_user_time": 4.183554}
[0m09:01:28.399385 [debug] [MainThread]: Command `dbt debug` failed at 09:01:28.399252 after 4.39 seconds
[0m09:01:28.399940 [debug] [MainThread]: Sending event: {'category': 'dbt', 'action': 'invocation', 'label': 'end', 'context': [<snowplow_tracker.self_describing_json.SelfDescribingJson object at 0x10580e080>, <snowplow_tracker.self_describing_json.SelfDescribingJson object at 0x1163e56f0>, <snowplow_tracker.self_describing_json.SelfDescribingJson object at 0x1163e5660>]}
[0m09:01:28.400502 [debug] [MainThread]: Flushing usage events
[0m09:01:28.505572 [debug] [MainThread]: An error was encountered while trying to flush usage events
